[0826/173531.520:ERROR:process_reader_win.cc(123)] NtOpenThread: {액세스 거부} 프로세스가 개체에 액세스를 요구했지만 액세스 권한이 없습니다. (0xc0000022)
[0826/173531.521:ERROR:exception_snapshot_win.cc(99)] thread ID 20352 not found in process
[0826/173531.534:ERROR:process_reader_win.cc(123)] NtOpenThread: {액세스 거부} 프로세스가 개체에 액세스를 요구했지만 액세스 권한이 없습니다. (0xc0000022)
[0826/173531.534:ERROR:exception_snapshot_win.cc(99)] thread ID 21284 not found in process
[0826/173531.608:ERROR:process_reader_win.cc(123)] NtOpenThread: {액세스 거부} 프로세스가 개체에 액세스를 요구했지만 액세스 권한이 없습니다. (0xc0000022)
[0826/173531.608:ERROR:exception_snapshot_win.cc(99)] thread ID 24288 not found in process
[0826/173534.293:ERROR:process_reader_win.cc(123)] NtOpenThread: {액세스 거부} 프로세스가 개체에 액세스를 요구했지만 액세스 권한이 없습니다. (0xc0000022)
[0826/173534.293:ERROR:exception_snapshot_win.cc(99)] thread ID 24440 not found in process
[0827/110100.266:ERROR:process_reader_win.cc(123)] NtOpenThread: {액세스 거부} 프로세스가 개체에 액세스를 요구했지만 액세스 권한이 없습니다. (0xc0000022)
[0827/110100.267:ERROR:exception_snapshot_win.cc(99)] thread ID 8980 not found in process
[0827/110100.335:ERROR:process_reader_win.cc(123)] NtOpenThread: {액세스 거부} 프로세스가 개체에 액세스를 요구했지만 액세스 권한이 없습니다. (0xc0000022)
[0827/110100.335:ERROR:exception_snapshot_win.cc(99)] thread ID 6768 not found in process
[0827/110209.793:ERROR:process_reader_win.cc(123)] NtOpenThread: {액세스 거부} 프로세스가 개체에 액세스를 요구했지만 액세스 권한이 없습니다. (0xc0000022)
[0827/110209.793:ERROR:exception_snapshot_win.cc(99)] thread ID 3192 not found in process
[0827/110209.863:ERROR:process_reader_win.cc(123)] NtOpenThread: {액세스 거부} 프로세스가 개체에 액세스를 요구했지만 액세스 권한이 없습니다. (0xc0000022)
[0827/110209.863:ERROR:exception_snapshot_win.cc(99)] thread ID 18988 not found in process
[0827/110852.185:ERROR:process_reader_win.cc(123)] NtOpenThread: {액세스 거부} 프로세스가 개체에 액세스를 요구했지만 액세스 권한이 없습니다. (0xc0000022)
[0827/110852.186:ERROR:exception_snapshot_win.cc(99)] thread ID 3652 not found in process
[0827/110852.256:ERROR:process_reader_win.cc(123)] NtOpenThread: {액세스 거부} 프로세스가 개체에 액세스를 요구했지만 액세스 권한이 없습니다. (0xc0000022)
[0827/110852.256:ERROR:exception_snapshot_win.cc(99)] thread ID 7332 not found in process
[0827/111137.514:ERROR:process_reader_win.cc(123)] NtOpenThread: {액세스 거부} 프로세스가 개체에 액세스를 요구했지만 액세스 권한이 없습니다. (0xc0000022)
[0827/111137.515:ERROR:exception_snapshot_win.cc(99)] thread ID 15944 not found in process
[0827/111137.526:ERROR:process_reader_win.cc(123)] NtOpenThread: {액세스 거부} 프로세스가 개체에 액세스를 요구했지만 액세스 권한이 없습니다. (0xc0000022)
[0827/111137.526:ERROR:exception_snapshot_win.cc(99)] thread ID 12816 not found in process
[0827/111137.598:ERROR:process_reader_win.cc(123)] NtOpenThread: {액세스 거부} 프로세스가 개체에 액세스를 요구했지만 액세스 권한이 없습니다. (0xc0000022)
[0827/111137.598:ERROR:exception_snapshot_win.cc(99)] thread ID 18236 not found in process
[0827/111138.559:ERROR:process_reader_win.cc(123)] NtOpenThread: {액세스 거부} 프로세스가 개체에 액세스를 요구했지만 액세스 권한이 없습니다. (0xc0000022)
[0827/111138.559:ERROR:exception_snapshot_win.cc(99)] thread ID 16732 not found in process
[0827/111139.170:ERROR:process_reader_win.cc(123)] NtOpenThread: {액세스 거부} 프로세스가 개체에 액세스를 요구했지만 액세스 권한이 없습니다. (0xc0000022)
[0827/111139.171:ERROR:exception_snapshot_win.cc(99)] thread ID 18320 not found in process
[0827/111139.242:ERROR:process_reader_win.cc(123)] NtOpenThread: {액세스 거부} 프로세스가 개체에 액세스를 요구했지만 액세스 권한이 없습니다. (0xc0000022)
[0827/111139.242:ERROR:exception_snapshot_win.cc(99)] thread ID 3628 not found in process
[0827/111139.834:ERROR:process_reader_win.cc(123)] NtOpenThread: {액세스 거부} 프로세스가 개체에 액세스를 요구했지만 액세스 권한이 없습니다. (0xc0000022)
[0827/111139.834:ERROR:exception_snapshot_win.cc(99)] thread ID 15760 not found in process
[0827/111139.906:ERROR:process_reader_win.cc(123)] NtOpenThread: {액세스 거부} 프로세스가 개체에 액세스를 요구했지만 액세스 권한이 없습니다. (0xc0000022)
[0827/111139.906:ERROR:exception_snapshot_win.cc(99)] thread ID 16912 not found in process
[0827/111140.397:ERROR:process_reader_win.cc(123)] NtOpenThread: {액세스 거부} 프로세스가 개체에 액세스를 요구했지만 액세스 권한이 없습니다. (0xc0000022)
[0827/111140.397:ERROR:exception_snapshot_win.cc(99)] thread ID 18768 not found in process
[0827/111140.408:ERROR:process_reader_win.cc(123)] NtOpenThread: {액세스 거부} 프로세스가 개체에 액세스를 요구했지만 액세스 권한이 없습니다. (0xc0000022)
[0827/111140.408:ERROR:exception_snapshot_win.cc(99)] thread ID 6732 not found in process
[0827/111140.480:ERROR:process_reader_win.cc(123)] NtOpenThread: {액세스 거부} 프로세스가 개체에 액세스를 요구했지만 액세스 권한이 없습니다. (0xc0000022)
[0827/111140.480:ERROR:exception_snapshot_win.cc(99)] thread ID 19224 not found in process
[0827/111141.229:ERROR:process_reader_win.cc(123)] NtOpenThread: {액세스 거부} 프로세스가 개체에 액세스를 요구했지만 액세스 권한이 없습니다. (0xc0000022)
[0827/111141.230:ERROR:exception_snapshot_win.cc(99)] thread ID 2872 not found in process
[0827/111141.302:ERROR:process_reader_win.cc(123)] NtOpenThread: {액세스 거부} 프로세스가 개체에 액세스를 요구했지만 액세스 권한이 없습니다. (0xc0000022)
[0827/111141.302:ERROR:exception_snapshot_win.cc(99)] thread ID 15640 not found in process
[0827/111141.947:ERROR:process_reader_win.cc(123)] NtOpenThread: {액세스 거부} 프로세스가 개체에 액세스를 요구했지만 액세스 권한이 없습니다. (0xc0000022)
[0827/111141.947:ERROR:exception_snapshot_win.cc(99)] thread ID 9992 not found in process
[0827/111142.752:ERROR:process_reader_win.cc(123)] NtOpenThread: {액세스 거부} 프로세스가 개체에 액세스를 요구했지만 액세스 권한이 없습니다. (0xc0000022)
[0827/111142.753:ERROR:exception_snapshot_win.cc(99)] thread ID 10924 not found in process
[0827/111142.821:ERROR:process_reader_win.cc(123)] NtOpenThread: {액세스 거부} 프로세스가 개체에 액세스를 요구했지만 액세스 권한이 없습니다. (0xc0000022)
[0827/111142.821:ERROR:exception_snapshot_win.cc(99)] thread ID 15356 not found in process
[0827/111615.701:ERROR:process_reader_win.cc(123)] NtOpenThread: {액세스 거부} 프로세스가 개체에 액세스를 요구했지만 액세스 권한이 없습니다. (0xc0000022)
[0827/111615.702:ERROR:exception_snapshot_win.cc(99)] thread ID 17848 not found in process
[0827/111615.773:ERROR:process_reader_win.cc(123)] NtOpenThread: {액세스 거부} 프로세스가 개체에 액세스를 요구했지만 액세스 권한이 없습니다. (0xc0000022)
[0827/111615.774:ERROR:exception_snapshot_win.cc(99)] thread ID 19068 not found in process
[0827/111617.214:ERROR:process_reader_win.cc(123)] NtOpenThread: {액세스 거부} 프로세스가 개체에 액세스를 요구했지만 액세스 권한이 없습니다. (0xc0000022)
[0827/111617.215:ERROR:exception_snapshot_win.cc(99)] thread ID 18672 not found in process
[0827/111617.285:ERROR:process_reader_win.cc(123)] NtOpenThread: {액세스 거부} 프로세스가 개체에 액세스를 요구했지만 액세스 권한이 없습니다. (0xc0000022)
[0827/111617.285:ERROR:exception_snapshot_win.cc(99)] thread ID 16456 not found in process
[0827/111618.616:ERROR:process_reader_win.cc(123)] NtOpenThread: {액세스 거부} 프로세스가 개체에 액세스를 요구했지만 액세스 권한이 없습니다. (0xc0000022)
[0827/111618.617:ERROR:exception_snapshot_win.cc(99)] thread ID 2556 not found in process
[0827/111618.686:ERROR:process_reader_win.cc(123)] NtOpenThread: {액세스 거부} 프로세스가 개체에 액세스를 요구했지만 액세스 권한이 없습니다. (0xc0000022)
[0827/111618.686:ERROR:exception_snapshot_win.cc(99)] thread ID 19232 not found in process
[0827/111905.233:ERROR:process_reader_win.cc(123)] NtOpenThread: {액세스 거부} 프로세스가 개체에 액세스를 요구했지만 액세스 권한이 없습니다. (0xc0000022)
[0827/111905.234:ERROR:exception_snapshot_win.cc(99)] thread ID 15176 not found in process
[0827/111905.302:ERROR:process_reader_win.cc(123)] NtOpenThread: {액세스 거부} 프로세스가 개체에 액세스를 요구했지만 액세스 권한이 없습니다. (0xc0000022)
[0827/111905.302:ERROR:exception_snapshot_win.cc(99)] thread ID 10588 not found in process
[0827/112642.048:ERROR:process_reader_win.cc(123)] NtOpenThread: {액세스 거부} 프로세스가 개체에 액세스를 요구했지만 액세스 권한이 없습니다. (0xc0000022)
[0827/112642.049:ERROR:exception_snapshot_win.cc(99)] thread ID 17200 not found in process
[0827/112642.120:ERROR:process_reader_win.cc(123)] NtOpenThread: {액세스 거부} 프로세스가 개체에 액세스를 요구했지만 액세스 권한이 없습니다. (0xc0000022)
[0827/112642.120:ERROR:exception_snapshot_win.cc(99)] thread ID 15876 not found in process
[0827/112643.586:ERROR:process_reader_win.cc(123)] NtOpenThread: {액세스 거부} 프로세스가 개체에 액세스를 요구했지만 액세스 권한이 없습니다. (0xc0000022)
[0827/112643.587:ERROR:exception_snapshot_win.cc(99)] thread ID 2420 not found in process
[0827/112643.657:ERROR:process_reader_win.cc(123)] NtOpenThread: {액세스 거부} 프로세스가 개체에 액세스를 요구했지만 액세스 권한이 없습니다. (0xc0000022)
[0827/112643.657:ERROR:exception_snapshot_win.cc(99)] thread ID 18764 not found in process
[0827/114506.734:ERROR:process_reader_win.cc(123)] NtOpenThread: {액세스 거부} 프로세스가 개체에 액세스를 요구했지만 액세스 권한이 없습니다. (0xc0000022)
[0827/114506.735:ERROR:exception_snapshot_win.cc(99)] thread ID 2664 not found in process
[0827/114506.805:ERROR:process_reader_win.cc(123)] NtOpenThread: {액세스 거부} 프로세스가 개체에 액세스를 요구했지만 액세스 권한이 없습니다. (0xc0000022)
[0827/114506.805:ERROR:exception_snapshot_win.cc(99)] thread ID 7916 not found in process
[0827/120029.033:ERROR:process_reader_win.cc(123)] NtOpenThread: {액세스 거부} 프로세스가 개체에 액세스를 요구했지만 액세스 권한이 없습니다. (0xc0000022)
[0827/120029.035:ERROR:exception_snapshot_win.cc(99)] thread ID 19764 not found in process
[0827/120029.045:ERROR:process_reader_win.cc(123)] NtOpenThread: {액세스 거부} 프로세스가 개체에 액세스를 요구했지만 액세스 권한이 없습니다. (0xc0000022)
[0827/120029.045:ERROR:exception_snapshot_win.cc(99)] thread ID 3096 not found in process
[0827/120029.119:ERROR:process_reader_win.cc(123)] NtOpenThread: {액세스 거부} 프로세스가 개체에 액세스를 요구했지만 액세스 권한이 없습니다. (0xc0000022)
[0827/120029.119:ERROR:exception_snapshot_win.cc(99)] thread ID 11572 not found in process
[0827/120030.361:ERROR:process_reader_win.cc(123)] NtOpenThread: {액세스 거부} 프로세스가 개체에 액세스를 요구했지만 액세스 권한이 없습니다. (0xc0000022)
[0827/120030.361:ERROR:exception_snapshot_win.cc(99)] thread ID 676 not found in process
[0827/120032.140:ERROR:process_reader_win.cc(123)] NtOpenThread: {액세스 거부} 프로세스가 개체에 액세스를 요구했지만 액세스 권한이 없습니다. (0xc0000022)
[0827/120032.141:ERROR:exception_snapshot_win.cc(99)] thread ID 5024 not found in process
[0827/120032.211:ERROR:process_reader_win.cc(123)] NtOpenThread: {액세스 거부} 프로세스가 개체에 액세스를 요구했지만 액세스 권한이 없습니다. (0xc0000022)
[0827/120032.211:ERROR:exception_snapshot_win.cc(99)] thread ID 17088 not found in process
[0827/120033.037:ERROR:process_reader_win.cc(123)] NtOpenThread: {액세스 거부} 프로세스가 개체에 액세스를 요구했지만 액세스 권한이 없습니다. (0xc0000022)
[0827/120033.038:ERROR:exception_snapshot_win.cc(99)] thread ID 2820 not found in process
[0827/120033.108:ERROR:process_reader_win.cc(123)] NtOpenThread: {액세스 거부} 프로세스가 개체에 액세스를 요구했지만 액세스 권한이 없습니다. (0xc0000022)
[0827/120033.108:ERROR:exception_snapshot_win.cc(99)] thread ID 13748 not found in process
[0827/120130.449:ERROR:process_reader_win.cc(123)] NtOpenThread: {액세스 거부} 프로세스가 개체에 액세스를 요구했지만 액세스 권한이 없습니다. (0xc0000022)
[0827/120130.450:ERROR:exception_snapshot_win.cc(99)] thread ID 20624 not found in process
[0827/120130.469:ERROR:process_reader_win.cc(108)] process 4252 not found
[0827/120130.469:ERROR:exception_snapshot_win.cc(99)] thread ID 20628 not found in process
[0827/120130.469:ERROR:scoped_process_suspend.cc(40)] NtResumeProcess: 기존 프로세스에 액세스하려고 했습니다. (0xc000010a)
[0827/221906.971:ERROR:process_reader_win.cc(123)] NtOpenThread: {액세스 거부} 프로세스가 개체에 액세스를 요구했지만 액세스 권한이 없습니다. (0xc0000022)
[0827/221906.973:ERROR:exception_snapshot_win.cc(99)] thread ID 1996 not found in process
[0827/221907.041:ERROR:process_reader_win.cc(123)] NtOpenThread: {액세스 거부} 프로세스가 개체에 액세스를 요구했지만 액세스 권한이 없습니다. (0xc0000022)
[0827/221907.041:ERROR:exception_snapshot_win.cc(99)] thread ID 19400 not found in process
[0827/222437.749:ERROR:process_reader_win.cc(123)] NtOpenThread: {액세스 거부} 프로세스가 개체에 액세스를 요구했지만 액세스 권한이 없습니다. (0xc0000022)
[0827/222437.750:ERROR:exception_snapshot_win.cc(99)] thread ID 14272 not found in process
[0827/222437.821:ERROR:process_reader_win.cc(123)] NtOpenThread: {액세스 거부} 프로세스가 개체에 액세스를 요구했지만 액세스 권한이 없습니다. (0xc0000022)
[0827/222437.821:ERROR:exception_snapshot_win.cc(99)] thread ID 20984 not found in process
[0827/222438.606:ERROR:process_reader_win.cc(123)] NtOpenThread: {액세스 거부} 프로세스가 개체에 액세스를 요구했지만 액세스 권한이 없습니다. (0xc0000022)
[0827/222438.606:ERROR:exception_snapshot_win.cc(99)] thread ID 19260 not found in process
[0827/222438.618:ERROR:process_reader_win.cc(123)] NtOpenThread: {액세스 거부} 프로세스가 개체에 액세스를 요구했지만 액세스 권한이 없습니다. (0xc0000022)
[0827/222438.618:ERROR:exception_snapshot_win.cc(99)] thread ID 13500 not found in process
[0827/222438.688:ERROR:process_reader_win.cc(123)] NtOpenThread: {액세스 거부} 프로세스가 개체에 액세스를 요구했지만 액세스 권한이 없습니다. (0xc0000022)
[0827/222438.688:ERROR:exception_snapshot_win.cc(99)] thread ID 12340 not found in process
[0827/222441.395:ERROR:process_reader_win.cc(123)] NtOpenThread: {액세스 거부} 프로세스가 개체에 액세스를 요구했지만 액세스 권한이 없습니다. (0xc0000022)
[0827/222441.395:ERROR:exception_snapshot_win.cc(99)] thread ID 1996 not found in process
[0827/224034.440:ERROR:process_reader_win.cc(123)] NtOpenThread: {액세스 거부} 프로세스가 개체에 액세스를 요구했지만 액세스 권한이 없습니다. (0xc0000022)
[0827/224034.441:ERROR:exception_snapshot_win.cc(99)] thread ID 21364 not found in process
[0827/224034.512:ERROR:process_reader_win.cc(123)] NtOpenThread: {액세스 거부} 프로세스가 개체에 액세스를 요구했지만 액세스 권한이 없습니다. (0xc0000022)
[0827/224034.512:ERROR:exception_snapshot_win.cc(99)] thread ID 6032 not found in process
[0827/224353.072:ERROR:process_reader_win.cc(123)] NtOpenThread: {액세스 거부} 프로세스가 개체에 액세스를 요구했지만 액세스 권한이 없습니다. (0xc0000022)
[0827/224353.072:ERROR:exception_snapshot_win.cc(99)] thread ID 17976 not found in process
[0827/224353.141:ERROR:process_reader_win.cc(123)] NtOpenThread: {액세스 거부} 프로세스가 개체에 액세스를 요구했지만 액세스 권한이 없습니다. (0xc0000022)
[0827/224353.141:ERROR:exception_snapshot_win.cc(99)] thread ID 10048 not found in process
[0828/013105.272:ERROR:process_reader_win.cc(123)] NtOpenThread: {액세스 거부} 프로세스가 개체에 액세스를 요구했지만 액세스 권한이 없습니다. (0xc0000022)
[0828/013105.274:ERROR:exception_snapshot_win.cc(99)] thread ID 24336 not found in process
[0828/013105.344:ERROR:process_reader_win.cc(123)] NtOpenThread: {액세스 거부} 프로세스가 개체에 액세스를 요구했지만 액세스 권한이 없습니다. (0xc0000022)
[0828/013105.344:ERROR:exception_snapshot_win.cc(99)] thread ID 24288 not found in process
[0828/014416.249:ERROR:process_reader_win.cc(123)] NtOpenThread: {액세스 거부} 프로세스가 개체에 액세스를 요구했지만 액세스 권한이 없습니다. (0xc0000022)
[0828/014416.249:ERROR:exception_snapshot_win.cc(99)] thread ID 10504 not found in process
[0828/014416.260:ERROR:process_reader_win.cc(123)] NtOpenThread: {액세스 거부} 프로세스가 개체에 액세스를 요구했지만 액세스 권한이 없습니다. (0xc0000022)
[0828/014416.260:ERROR:exception_snapshot_win.cc(99)] thread ID 22400 not found in process
[0828/014416.333:ERROR:process_reader_win.cc(123)] NtOpenThread: {액세스 거부} 프로세스가 개체에 액세스를 요구했지만 액세스 권한이 없습니다. (0xc0000022)
[0828/014416.333:ERROR:exception_snapshot_win.cc(99)] thread ID 16400 not found in process
[0828/014418.505:ERROR:process_reader_win.cc(123)] NtOpenThread: {액세스 거부} 프로세스가 개체에 액세스를 요구했지만 액세스 권한이 없습니다. (0xc0000022)
[0828/014418.505:ERROR:exception_snapshot_win.cc(99)] thread ID 18476 not found in process
[0828/032755.350:ERROR:process_reader_win.cc(123)] NtOpenThread: {액세스 거부} 프로세스가 개체에 액세스를 요구했지만 액세스 권한이 없습니다. (0xc0000022)
[0828/032755.349:ERROR:process_reader_win.cc(123)] NtOpenThread: {액세스 거부} 프로세스가 개체에 액세스를 요구했지만 액세스 권한이 없습니다. (0xc0000022)
[0828/032755.349:ERROR:process_reader_win.cc(123)] NtOpenThread: {액세스 거부} 프로세스가 개체에 액세스를 요구했지만 액세스 권한이 없습니다. (0xc0000022)
[0828/032755.350:ERROR:process_reader_win.cc(123)] NtOpenThread: {액세스 거부} 프로세스가 개체에 액세스를 요구했지만 액세스 권한이 없습니다. (0xc0000022)
[0828/032755.349:ERROR:process_reader_win.cc(123)] NtOpenThread: {액세스 거부} 프로세스가 개체에 액세스를 요구했지만 액세스 권한이 없습니다. (0xc0000022)
[0828/032755.349:ERROR:process_reader_win.cc(123)] NtOpenThread: {액세스 거부} 프로세스가 개체에 액세스를 요구했지만 액세스 권한이 없습니다. (0xc0000022)
[0828/032755.349:ERROR:process_reader_win.cc(123)] NtOpenThread: {액세스 거부} 프로세스가 개체에 액세스를 요구했지만 액세스 권한이 없습니다. (0xc0000022)
[0828/032755.349:ERROR:process_reader_win.cc(123)] NtOpenThread: {액세스 거부} 프로세스가 개체에 액세스를 요구했지만 액세스 권한이 없습니다. (0xc0000022)
[0828/032755.353:ERROR:exception_snapshot_win.cc(99)] thread ID 28088 not found in process
[0828/032755.353:ERROR:exception_snapshot_win.cc(99)] thread ID 7964 not found in process
[0828/032755.353:ERROR:exception_snapshot_win.cc(99)] thread ID 28084 not found in process
[0828/032755.353:ERROR:exception_snapshot_win.cc(99)] thread ID 28080 not found in process
[0828/032755.353:ERROR:exception_snapshot_win.cc(99)] thread ID 28096 not found in process
[0828/032755.353:ERROR:exception_snapshot_win.cc(99)] thread ID 26008 not found in process
[0828/032755.353:ERROR:exception_snapshot_win.cc(99)] thread ID 28100 not found in process
[0828/032755.353:ERROR:exception_snapshot_win.cc(99)] thread ID 28076 not found in process
[0828/032755.466:ERROR:process_reader_win.cc(123)] NtOpenThread: {액세스 거부} 프로세스가 개체에 액세스를 요구했지만 액세스 권한이 없습니다. (0xc0000022)
[0828/032755.466:ERROR:process_reader_win.cc(123)] NtOpenThread: {액세스 거부} 프로세스가 개체에 액세스를 요구했지만 액세스 권한이 없습니다. (0xc0000022)
[0828/032755.466:ERROR:process_reader_win.cc(123)] NtOpenThread: {액세스 거부} 프로세스가 개체에 액세스를 요구했지만 액세스 권한이 없습니다. (0xc0000022)
[0828/032755.466:ERROR:exception_snapshot_win.cc(99)] thread ID 28128 not found in process
[0828/032755.466:ERROR:exception_snapshot_win.cc(99)] thread ID 28112 not found in process
[0828/032755.466:ERROR:exception_snapshot_win.cc(99)] thread ID 28216 not found in process
[0828/032755.466:ERROR:process_reader_win.cc(123)] NtOpenThread: {액세스 거부} 프로세스가 개체에 액세스를 요구했지만 액세스 권한이 없습니다. (0xc0000022)
[0828/032755.466:ERROR:process_reader_win.cc(123)] NtOpenThread: {액세스 거부} 프로세스가 개체에 액세스를 요구했지만 액세스 권한이 없습니다. (0xc0000022)
[0828/032755.466:ERROR:exception_snapshot_win.cc(99)] thread ID 28228 not found in process
[0828/032755.466:ERROR:process_reader_win.cc(123)] NtOpenThread: {액세스 거부} 프로세스가 개체에 액세스를 요구했지만 액세스 권한이 없습니다. (0xc0000022)
[0828/032755.466:ERROR:exception_snapshot_win.cc(99)] thread ID 24624 not found in process
[0828/032755.466:ERROR:exception_snapshot_win.cc(99)] thread ID 27860 not found in process
[0828/032755.466:ERROR:process_reader_win.cc(123)] NtOpenThread: {액세스 거부} 프로세스가 개체에 액세스를 요구했지만 액세스 권한이 없습니다. (0xc0000022)
[0828/032755.466:ERROR:exception_snapshot_win.cc(99)] thread ID 28120 not found in process
[0828/032755.470:ERROR:process_reader_win.cc(123)] NtOpenThread: {액세스 거부} 프로세스가 개체에 액세스를 요구했지만 액세스 권한이 없습니다. (0xc0000022)
[0828/032755.470:ERROR:exception_snapshot_win.cc(99)] thread ID 28244 not found in process
[0828/033534.230:ERROR:process_reader_win.cc(123)] NtOpenThread: {액세스 거부} 프로세스가 개체에 액세스를 요구했지만 액세스 권한이 없습니다. (0xc0000022)
[0828/033534.231:ERROR:exception_snapshot_win.cc(99)] thread ID 28064 not found in process
[0828/033534.305:ERROR:process_reader_win.cc(123)] NtOpenThread: {액세스 거부} 프로세스가 개체에 액세스를 요구했지만 액세스 권한이 없습니다. (0xc0000022)
[0828/033534.305:ERROR:exception_snapshot_win.cc(99)] thread ID 19204 not found in process
[0828/033536.158:ERROR:process_reader_win.cc(123)] NtOpenThread: {액세스 거부} 프로세스가 개체에 액세스를 요구했지만 액세스 권한이 없습니다. (0xc0000022)
[0828/033536.160:ERROR:exception_snapshot_win.cc(99)] thread ID 6100 not found in process
[0828/033536.160:ERROR:process_reader_win.cc(123)] NtOpenThread: {액세스 거부} 프로세스가 개체에 액세스를 요구했지만 액세스 권한이 없습니다. (0xc0000022)
[0828/033536.161:ERROR:exception_snapshot_win.cc(99)] thread ID 1556 not found in process
[0828/033536.160:ERROR:process_reader_win.cc(123)] NtOpenThread: {액세스 거부} 프로세스가 개체에 액세스를 요구했지만 액세스 권한이 없습니다. (0xc0000022)
[0828/033536.161:ERROR:exception_snapshot_win.cc(99)] thread ID 26772 not found in process
[0828/033536.160:ERROR:process_reader_win.cc(123)] NtOpenThread: {액세스 거부} 프로세스가 개체에 액세스를 요구했지만 액세스 권한이 없습니다. (0xc0000022)
[0828/033536.161:ERROR:exception_snapshot_win.cc(99)] thread ID 10848 not found in process
[0828/033536.160:ERROR:process_reader_win.cc(123)] NtOpenThread: {액세스 거부} 프로세스가 개체에 액세스를 요구했지만 액세스 권한이 없습니다. (0xc0000022)
[0828/033536.161:ERROR:exception_snapshot_win.cc(99)] thread ID 28628 not found in process
[0828/033536.160:ERROR:process_reader_win.cc(123)] NtOpenThread: {액세스 거부} 프로세스가 개체에 액세스를 요구했지만 액세스 권한이 없습니다. (0xc0000022)
[0828/033536.161:ERROR:exception_snapshot_win.cc(99)] thread ID 23184 not found in process
[0828/033536.184:ERROR:process_reader_win.cc(151)] SuspendThread: 액세스가 거부되었습니다. (0x5)
[0828/033536.184:ERROR:process_reader_win.cc(123)] NtOpenThread: {액세스 거부} 프로세스가 개체에 액세스를 요구했지만 액세스 권한이 없습니다. (0xc0000022)
[0828/033536.184:ERROR:exception_snapshot_win.cc(99)] thread ID 14468 not found in process
[0828/033536.261:ERROR:process_reader_win.cc(123)] NtOpenThread: {액세스 거부} 프로세스가 개체에 액세스를 요구했지만 액세스 권한이 없습니다. (0xc0000022)
[0828/033536.261:ERROR:process_reader_win.cc(123)] NtOpenThread: {액세스 거부} 프로세스가 개체에 액세스를 요구했지만 액세스 권한이 없습니다. (0xc0000022)
[0828/033536.261:ERROR:exception_snapshot_win.cc(99)] thread ID 14276 not found in process
[0828/033536.261:ERROR:exception_snapshot_win.cc(99)] thread ID 28300 not found in process
[0828/033536.263:ERROR:process_reader_win.cc(123)] NtOpenThread: {액세스 거부} 프로세스가 개체에 액세스를 요구했지만 액세스 권한이 없습니다. (0xc0000022)
[0828/033536.263:ERROR:process_reader_win.cc(123)] NtOpenThread: {액세스 거부} 프로세스가 개체에 액세스를 요구했지만 액세스 권한이 없습니다. (0xc0000022)
[0828/033536.263:ERROR:process_reader_win.cc(123)] NtOpenThread: {액세스 거부} 프로세스가 개체에 액세스를 요구했지만 액세스 권한이 없습니다. (0xc0000022)
[0828/033536.263:ERROR:exception_snapshot_win.cc(99)] thread ID 27652 not found in process
[0828/033536.263:ERROR:exception_snapshot_win.cc(99)] thread ID 28168 not found in process
[0828/033536.263:ERROR:exception_snapshot_win.cc(99)] thread ID 28324 not found in process
[0828/033536.272:ERROR:process_reader_win.cc(123)] NtOpenThread: {액세스 거부} 프로세스가 개체에 액세스를 요구했지만 액세스 권한이 없습니다. (0xc0000022)
[0828/033536.272:ERROR:exception_snapshot_win.cc(99)] thread ID 26472 not found in process
[0828/033555.179:ERROR:process_reader_win.cc(123)] NtOpenThread: {액세스 거부} 프로세스가 개체에 액세스를 요구했지만 액세스 권한이 없습니다. (0xc0000022)
[0828/033555.180:ERROR:exception_snapshot_win.cc(99)] thread ID 25300 not found in process
[0828/033555.250:ERROR:process_reader_win.cc(123)] NtOpenThread: {액세스 거부} 프로세스가 개체에 액세스를 요구했지만 액세스 권한이 없습니다. (0xc0000022)
[0828/033555.250:ERROR:exception_snapshot_win.cc(99)] thread ID 20092 not found in process
[0828/035730.579:ERROR:process_reader_win.cc(123)] NtOpenThread: {액세스 거부} 프로세스가 개체에 액세스를 요구했지만 액세스 권한이 없습니다. (0xc0000022)
[0828/035730.580:ERROR:process_reader_win.cc(123)] NtOpenThread: {액세스 거부} 프로세스가 개체에 액세스를 요구했지만 액세스 권한이 없습니다. (0xc0000022)
[0828/035730.578:ERROR:process_reader_win.cc(123)] NtOpenThread: {액세스 거부} 프로세스가 개체에 액세스를 요구했지만 액세스 권한이 없습니다. (0xc0000022)
[0828/035730.582:ERROR:exception_snapshot_win.cc(99)] thread ID 28576 not found in process
[0828/035730.582:ERROR:exception_snapshot_win.cc(99)] thread ID 28344 not found in process
[0828/035730.582:ERROR:exception_snapshot_win.cc(99)] thread ID 26396 not found in process
[0828/035730.583:ERROR:process_reader_win.cc(123)] NtOpenThread: {액세스 거부} 프로세스가 개체에 액세스를 요구했지만 액세스 권한이 없습니다. (0xc0000022)
[0828/035730.584:ERROR:exception_snapshot_win.cc(99)] thread ID 30524 not found in process
[0828/035730.583:ERROR:process_reader_win.cc(123)] NtOpenThread: {액세스 거부} 프로세스가 개체에 액세스를 요구했지만 액세스 권한이 없습니다. (0xc0000022)
[0828/035730.583:ERROR:process_reader_win.cc(123)] NtOpenThread: {액세스 거부} 프로세스가 개체에 액세스를 요구했지만 액세스 권한이 없습니다. (0xc0000022)
[0828/035730.584:ERROR:exception_snapshot_win.cc(99)] thread ID 19384 not found in process
[0828/035730.585:ERROR:exception_snapshot_win.cc(99)] thread ID 26328 not found in process
[0828/035730.586:ERROR:process_reader_win.cc(123)] NtOpenThread: {액세스 거부} 프로세스가 개체에 액세스를 요구했지만 액세스 권한이 없습니다. (0xc0000022)
[0828/035730.589:ERROR:exception_snapshot_win.cc(99)] thread ID 29464 not found in process
[0828/035730.587:ERROR:process_reader_win.cc(123)] NtOpenThread: {액세스 거부} 프로세스가 개체에 액세스를 요구했지만 액세스 권한이 없습니다. (0xc0000022)
[0828/035730.590:ERROR:exception_snapshot_win.cc(99)] thread ID 29828 not found in process
[0828/035730.590:ERROR:process_reader_win.cc(123)] NtOpenThread: {액세스 거부} 프로세스가 개체에 액세스를 요구했지만 액세스 권한이 없습니다. (0xc0000022)
[0828/035730.593:ERROR:exception_snapshot_win.cc(99)] thread ID 28816 not found in process
[0828/035730.594:ERROR:process_reader_win.cc(123)] NtOpenThread: {액세스 거부} 프로세스가 개체에 액세스를 요구했지만 액세스 권한이 없습니다. (0xc0000022)
[0828/035730.597:ERROR:exception_snapshot_win.cc(99)] thread ID 28976 not found in process
[0828/035730.594:ERROR:process_reader_win.cc(123)] NtOpenThread: {액세스 거부} 프로세스가 개체에 액세스를 요구했지만 액세스 권한이 없습니다. (0xc0000022)
[0828/035730.597:ERROR:exception_snapshot_win.cc(99)] thread ID 26884 not found in process
[0828/035730.720:ERROR:process_reader_win.cc(123)] NtOpenThread: {액세스 거부} 프로세스가 개체에 액세스를 요구했지만 액세스 권한이 없습니다. (0xc0000022)
[0828/035730.720:ERROR:process_reader_win.cc(123)] NtOpenThread: {액세스 거부} 프로세스가 개체에 액세스를 요구했지만 액세스 권한이 없습니다. (0xc0000022)
[0828/035730.720:ERROR:exception_snapshot_win.cc(99)] thread ID 20876 not found in process
[0828/035730.720:ERROR:exception_snapshot_win.cc(99)] thread ID 23356 not found in process
[0828/035730.720:ERROR:process_reader_win.cc(123)] NtOpenThread: {액세스 거부} 프로세스가 개체에 액세스를 요구했지만 액세스 권한이 없습니다. (0xc0000022)
[0828/035730.720:ERROR:process_reader_win.cc(123)] NtOpenThread: {액세스 거부} 프로세스가 개체에 액세스를 요구했지만 액세스 권한이 없습니다. (0xc0000022)
[0828/035730.720:ERROR:exception_snapshot_win.cc(99)] thread ID 19748 not found in process
[0828/035730.720:ERROR:exception_snapshot_win.cc(99)] thread ID 26688 not found in process
[0828/035730.720:ERROR:process_reader_win.cc(123)] NtOpenThread: {액세스 거부} 프로세스가 개체에 액세스를 요구했지만 액세스 권한이 없습니다. (0xc0000022)
[0828/035730.721:ERROR:exception_snapshot_win.cc(99)] thread ID 26124 not found in process
[0828/035730.721:ERROR:process_reader_win.cc(123)] NtOpenThread: {액세스 거부} 프로세스가 개체에 액세스를 요구했지만 액세스 권한이 없습니다. (0xc0000022)
[0828/035730.721:ERROR:exception_snapshot_win.cc(99)] thread ID 23360 not found in process
[0828/035730.722:ERROR:process_reader_win.cc(123)] NtOpenThread: {액세스 거부} 프로세스가 개체에 액세스를 요구했지만 액세스 권한이 없습니다. (0xc0000022)
[0828/035730.722:ERROR:process_reader_win.cc(123)] NtOpenThread: {액세스 거부} 프로세스가 개체에 액세스를 요구했지만 액세스 권한이 없습니다. (0xc0000022)
[0828/035730.722:ERROR:process_reader_win.cc(123)] NtOpenThread: {액세스 거부} 프로세스가 개체에 액세스를 요구했지만 액세스 권한이 없습니다. (0xc0000022)
[0828/035730.722:ERROR:process_reader_win.cc(123)] NtOpenThread: {액세스 거부} 프로세스가 개체에 액세스를 요구했지만 액세스 권한이 없습니다. (0xc0000022)
[0828/035730.722:ERROR:exception_snapshot_win.cc(99)] thread ID 26256 not found in process
[0828/035730.722:ERROR:exception_snapshot_win.cc(99)] thread ID 30388 not found in process
[0828/035730.722:ERROR:exception_snapshot_win.cc(99)] thread ID 25636 not found in process
[0828/035730.722:ERROR:exception_snapshot_win.cc(99)] thread ID 28876 not found in process
[0828/035730.727:ERROR:process_reader_win.cc(123)] NtOpenThread: {액세스 거부} 프로세스가 개체에 액세스를 요구했지만 액세스 권한이 없습니다. (0xc0000022)
[0828/035730.727:ERROR:exception_snapshot_win.cc(99)] thread ID 30632 not found in process
[0828/041157.133:ERROR:process_reader_win.cc(123)] NtOpenThread: {액세스 거부} 프로세스가 개체에 액세스를 요구했지만 액세스 권한이 없습니다. (0xc0000022)
[0828/041157.134:ERROR:exception_snapshot_win.cc(99)] thread ID 26300 not found in process
[0828/041157.209:ERROR:process_reader_win.cc(123)] NtOpenThread: {액세스 거부} 프로세스가 개체에 액세스를 요구했지만 액세스 권한이 없습니다. (0xc0000022)
[0828/041157.209:ERROR:exception_snapshot_win.cc(99)] thread ID 25452 not found in process
[0828/134411.837:ERROR:process_reader_win.cc(123)] NtOpenThread: {액세스 거부} 프로세스가 개체에 액세스를 요구했지만 액세스 권한이 없습니다. (0xc0000022)
[0828/134411.837:ERROR:process_reader_win.cc(123)] NtOpenThread: {액세스 거부} 프로세스가 개체에 액세스를 요구했지만 액세스 권한이 없습니다. (0xc0000022)
[0828/134411.837:ERROR:process_reader_win.cc(123)] NtOpenThread: {액세스 거부} 프로세스가 개체에 액세스를 요구했지만 액세스 권한이 없습니다. (0xc0000022)
[0828/134411.841:ERROR:exception_snapshot_win.cc(99)] thread ID 14012 not found in process
[0828/134411.836:ERROR:process_reader_win.cc(123)] NtOpenThread: {액세스 거부} 프로세스가 개체에 액세스를 요구했지만 액세스 권한이 없습니다. (0xc0000022)
[0828/134411.841:ERROR:exception_snapshot_win.cc(99)] thread ID 10000 not found in process
[0828/134411.837:ERROR:process_reader_win.cc(123)] NtOpenThread: {액세스 거부} 프로세스가 개체에 액세스를 요구했지만 액세스 권한이 없습니다. (0xc0000022)
[0828/134411.841:ERROR:exception_snapshot_win.cc(99)] thread ID 30344 not found in process
[0828/134411.837:ERROR:process_reader_win.cc(123)] NtOpenThread: {액세스 거부} 프로세스가 개체에 액세스를 요구했지만 액세스 권한이 없습니다. (0xc0000022)
[0828/134411.841:ERROR:exception_snapshot_win.cc(99)] thread ID 23880 not found in process
[0828/134411.837:ERROR:process_reader_win.cc(123)] NtOpenThread: {액세스 거부} 프로세스가 개체에 액세스를 요구했지만 액세스 권한이 없습니다. (0xc0000022)
[0828/134411.837:ERROR:process_reader_win.cc(123)] NtOpenThread: {액세스 거부} 프로세스가 개체에 액세스를 요구했지만 액세스 권한이 없습니다. (0xc0000022)
[0828/134411.841:ERROR:exception_snapshot_win.cc(99)] thread ID 24848 not found in process
[0828/134411.841:ERROR:exception_snapshot_win.cc(99)] thread ID 28348 not found in process
[0828/134411.841:ERROR:exception_snapshot_win.cc(99)] thread ID 19480 not found in process
[0828/134411.841:ERROR:exception_snapshot_win.cc(99)] thread ID 24724 not found in process
[0828/134411.997:ERROR:process_reader_win.cc(123)] NtOpenThread: {액세스 거부} 프로세스가 개체에 액세스를 요구했지만 액세스 권한이 없습니다. (0xc0000022)
[0828/134411.997:ERROR:exception_snapshot_win.cc(99)] thread ID 13452 not found in process
[0828/134411.997:ERROR:process_reader_win.cc(123)] NtOpenThread: {액세스 거부} 프로세스가 개체에 액세스를 요구했지만 액세스 권한이 없습니다. (0xc0000022)
[0828/134411.997:ERROR:exception_snapshot_win.cc(99)] thread ID 16172 not found in process
[0828/134412.002:ERROR:process_reader_win.cc(123)] NtOpenThread: {액세스 거부} 프로세스가 개체에 액세스를 요구했지만 액세스 권한이 없습니다. (0xc0000022)
[0828/134412.002:ERROR:process_reader_win.cc(123)] NtOpenThread: {액세스 거부} 프로세스가 개체에 액세스를 요구했지만 액세스 권한이 없습니다. (0xc0000022)
[0828/134412.002:ERROR:process_reader_win.cc(123)] NtOpenThread: {액세스 거부} 프로세스가 개체에 액세스를 요구했지만 액세스 권한이 없습니다. (0xc0000022)
[0828/134412.002:ERROR:process_reader_win.cc(123)] NtOpenThread: {액세스 거부} 프로세스가 개체에 액세스를 요구했지만 액세스 권한이 없습니다. (0xc0000022)
[0828/134412.002:ERROR:process_reader_win.cc(123)] NtOpenThread: {액세스 거부} 프로세스가 개체에 액세스를 요구했지만 액세스 권한이 없습니다. (0xc0000022)
[0828/134412.002:ERROR:process_reader_win.cc(123)] NtOpenThread: {액세스 거부} 프로세스가 개체에 액세스를 요구했지만 액세스 권한이 없습니다. (0xc0000022)
[0828/134412.002:ERROR:exception_snapshot_win.cc(99)] thread ID 29136 not found in process
[0828/134412.002:ERROR:exception_snapshot_win.cc(99)] thread ID 29876 not found in process
[0828/134412.002:ERROR:exception_snapshot_win.cc(99)] thread ID 30580 not found in process
[0828/134412.002:ERROR:exception_snapshot_win.cc(99)] thread ID 29364 not found in process
[0828/134412.002:ERROR:exception_snapshot_win.cc(99)] thread ID 24224 not found in process
[0828/134412.002:ERROR:exception_snapshot_win.cc(99)] thread ID 26176 not found in process
[0828/135043.597:ERROR:process_reader_win.cc(123)] NtOpenThread: {액세스 거부} 프로세스가 개체에 액세스를 요구했지만 액세스 권한이 없습니다. (0xc0000022)
[0828/135043.597:ERROR:exception_snapshot_win.cc(99)] thread ID 25388 not found in process
[0828/135043.668:ERROR:process_reader_win.cc(123)] NtOpenThread: {액세스 거부} 프로세스가 개체에 액세스를 요구했지만 액세스 권한이 없습니다. (0xc0000022)
[0828/135043.668:ERROR:exception_snapshot_win.cc(99)] thread ID 22284 not found in process
[0828/135429.796:ERROR:process_reader_win.cc(123)] NtOpenThread: {액세스 거부} 프로세스가 개체에 액세스를 요구했지만 액세스 권한이 없습니다. (0xc0000022)
[0828/135429.796:ERROR:process_reader_win.cc(123)] NtOpenThread: {액세스 거부} 프로세스가 개체에 액세스를 요구했지만 액세스 권한이 없습니다. (0xc0000022)
[0828/135429.796:ERROR:process_reader_win.cc(123)] NtOpenThread: {액세스 거부} 프로세스가 개체에 액세스를 요구했지만 액세스 권한이 없습니다. (0xc0000022)
[0828/135429.798:ERROR:exception_snapshot_win.cc(99)] thread ID 26276 not found in process
[0828/135429.798:ERROR:exception_snapshot_win.cc(99)] thread ID 25072 not found in process
[0828/135429.798:ERROR:exception_snapshot_win.cc(99)] thread ID 28120 not found in process
[0828/135429.889:ERROR:process_reader_win.cc(123)] NtOpenThread: {액세스 거부} 프로세스가 개체에 액세스를 요구했지만 액세스 권한이 없습니다. (0xc0000022)
[0828/135429.889:ERROR:process_reader_win.cc(123)] NtOpenThread: {액세스 거부} 프로세스가 개체에 액세스를 요구했지만 액세스 권한이 없습니다. (0xc0000022)
[0828/135429.889:ERROR:process_reader_win.cc(123)] NtOpenThread: {액세스 거부} 프로세스가 개체에 액세스를 요구했지만 액세스 권한이 없습니다. (0xc0000022)
[0828/135429.889:ERROR:exception_snapshot_win.cc(99)] thread ID 596 not found in process
[0828/135429.889:ERROR:exception_snapshot_win.cc(99)] thread ID 18560 not found in process
[0828/135429.889:ERROR:exception_snapshot_win.cc(99)] thread ID 19380 not found in process
[0828/140437.198:ERROR:process_reader_win.cc(123)] NtOpenThread: {액세스 거부} 프로세스가 개체에 액세스를 요구했지만 액세스 권한이 없습니다. (0xc0000022)
[0828/140437.198:ERROR:process_reader_win.cc(123)] NtOpenThread: {액세스 거부} 프로세스가 개체에 액세스를 요구했지만 액세스 권한이 없습니다. (0xc0000022)
[0828/140437.199:ERROR:exception_snapshot_win.cc(99)] thread ID 28808 not found in process
[0828/140437.198:ERROR:process_reader_win.cc(123)] NtOpenThread: {액세스 거부} 프로세스가 개체에 액세스를 요구했지만 액세스 권한이 없습니다. (0xc0000022)
[0828/140437.199:ERROR:exception_snapshot_win.cc(99)] thread ID 17060 not found in process
[0828/140437.198:ERROR:process_reader_win.cc(123)] NtOpenThread: {액세스 거부} 프로세스가 개체에 액세스를 요구했지만 액세스 권한이 없습니다. (0xc0000022)
[0828/140437.199:ERROR:exception_snapshot_win.cc(99)] thread ID 7872 not found in process
[0828/140437.199:ERROR:exception_snapshot_win.cc(99)] thread ID 25124 not found in process
[0828/140437.289:ERROR:process_reader_win.cc(123)] NtOpenThread: {액세스 거부} 프로세스가 개체에 액세스를 요구했지만 액세스 권한이 없습니다. (0xc0000022)
[0828/140437.289:ERROR:process_reader_win.cc(123)] NtOpenThread: {액세스 거부} 프로세스가 개체에 액세스를 요구했지만 액세스 권한이 없습니다. (0xc0000022)
[0828/140437.289:ERROR:process_reader_win.cc(123)] NtOpenThread: {액세스 거부} 프로세스가 개체에 액세스를 요구했지만 액세스 권한이 없습니다. (0xc0000022)
[0828/140437.289:ERROR:process_reader_win.cc(123)] NtOpenThread: {액세스 거부} 프로세스가 개체에 액세스를 요구했지만 액세스 권한이 없습니다. (0xc0000022)
[0828/140437.289:ERROR:exception_snapshot_win.cc(99)] thread ID 24284 not found in process
[0828/140437.289:ERROR:exception_snapshot_win.cc(99)] thread ID 22048 not found in process
[0828/140437.289:ERROR:exception_snapshot_win.cc(99)] thread ID 29980 not found in process
[0828/140437.289:ERROR:exception_snapshot_win.cc(99)] thread ID 22056 not found in process
[0828/142446.484:ERROR:process_reader_win.cc(123)] NtOpenThread: {액세스 거부} 프로세스가 개체에 액세스를 요구했지만 액세스 권한이 없습니다. (0xc0000022)
[0828/142446.484:ERROR:process_reader_win.cc(123)] NtOpenThread: {액세스 거부} 프로세스가 개체에 액세스를 요구했지만 액세스 권한이 없습니다. (0xc0000022)
[0828/142446.484:ERROR:process_reader_win.cc(123)] NtOpenThread: {액세스 거부} 프로세스가 개체에 액세스를 요구했지만 액세스 권한이 없습니다. (0xc0000022)
[0828/142446.491:ERROR:exception_snapshot_win.cc(99)] thread ID 9728 not found in process
[0828/142446.491:ERROR:exception_snapshot_win.cc(99)] thread ID 27196 not found in process
[0828/142446.491:ERROR:exception_snapshot_win.cc(99)] thread ID 29188 not found in process
[0828/142446.717:ERROR:process_reader_win.cc(123)] NtOpenThread: {액세스 거부} 프로세스가 개체에 액세스를 요구했지만 액세스 권한이 없습니다. (0xc0000022)
[0828/142446.717:ERROR:exception_snapshot_win.cc(99)] thread ID 27816 not found in process
[0828/142446.717:ERROR:process_reader_win.cc(123)] NtOpenThread: {액세스 거부} 프로세스가 개체에 액세스를 요구했지만 액세스 권한이 없습니다. (0xc0000022)
[0828/142446.717:ERROR:exception_snapshot_win.cc(99)] thread ID 25824 not found in process
[0828/142446.720:ERROR:process_reader_win.cc(123)] NtOpenThread: {액세스 거부} 프로세스가 개체에 액세스를 요구했지만 액세스 권한이 없습니다. (0xc0000022)
[0828/142446.720:ERROR:exception_snapshot_win.cc(99)] thread ID 32044 not found in process
[0828/142509.858:ERROR:process_reader_win.cc(123)] NtOpenThread: {액세스 거부} 프로세스가 개체에 액세스를 요구했지만 액세스 권한이 없습니다. (0xc0000022)
[0828/142509.859:ERROR:exception_snapshot_win.cc(99)] thread ID 32652 not found in process
[0828/142509.944:ERROR:process_reader_win.cc(123)] NtOpenThread: {액세스 거부} 프로세스가 개체에 액세스를 요구했지만 액세스 권한이 없습니다. (0xc0000022)
[0828/142509.944:ERROR:exception_snapshot_win.cc(99)] thread ID 32592 not found in process
[0828/142510.648:ERROR:process_reader_win.cc(123)] NtOpenThread: {액세스 거부} 프로세스가 개체에 액세스를 요구했지만 액세스 권한이 없습니다. (0xc0000022)
[0828/142510.649:ERROR:exception_snapshot_win.cc(99)] thread ID 31648 not found in process
[0828/142510.672:ERROR:process_reader_win.cc(123)] NtOpenThread: {액세스 거부} 프로세스가 개체에 액세스를 요구했지만 액세스 권한이 없습니다. (0xc0000022)
[0828/142510.672:ERROR:exception_snapshot_win.cc(99)] thread ID 19760 not found in process
[0828/142510.756:ERROR:process_reader_win.cc(123)] NtOpenThread: {액세스 거부} 프로세스가 개체에 액세스를 요구했지만 액세스 권한이 없습니다. (0xc0000022)
[0828/142510.756:ERROR:exception_snapshot_win.cc(99)] thread ID 9560 not found in process
[0828/142513.898:ERROR:process_reader_win.cc(123)] NtOpenThread: {액세스 거부} 프로세스가 개체에 액세스를 요구했지만 액세스 권한이 없습니다. (0xc0000022)
[0828/142513.898:ERROR:exception_snapshot_win.cc(99)] thread ID 9148 not found in process
[0829/171049.930:ERROR:process_reader_win.cc(123)] NtOpenThread: {액세스 거부} 프로세스가 개체에 액세스를 요구했지만 액세스 권한이 없습니다. (0xc0000022)
[0829/171049.930:ERROR:process_reader_win.cc(123)] NtOpenThread: {액세스 거부} 프로세스가 개체에 액세스를 요구했지만 액세스 권한이 없습니다. (0xc0000022)
[0829/171049.932:ERROR:process_reader_win.cc(123)] NtOpenThread: {액세스 거부} 프로세스가 개체에 액세스를 요구했지만 액세스 권한이 없습니다. (0xc0000022)
[0829/171049.930:ERROR:process_reader_win.cc(123)] NtOpenThread: {액세스 거부} 프로세스가 개체에 액세스를 요구했지만 액세스 권한이 없습니다. (0xc0000022)
[0829/171049.930:ERROR:process_reader_win.cc(123)] NtOpenThread: {액세스 거부} 프로세스가 개체에 액세스를 요구했지만 액세스 권한이 없습니다. (0xc0000022)
[0829/171049.930:ERROR:process_reader_win.cc(123)] NtOpenThread: {액세스 거부} 프로세스가 개체에 액세스를 요구했지만 액세스 권한이 없습니다. (0xc0000022)
[0829/171049.933:ERROR:process_reader_win.cc(123)] NtOpenThread: {액세스 거부} 프로세스가 개체에 액세스를 요구했지만 액세스 권한이 없습니다. (0xc0000022)
[0829/171049.930:ERROR:process_reader_win.cc(123)] NtOpenThread: {액세스 거부} 프로세스가 개체에 액세스를 요구했지만 액세스 권한이 없습니다. (0xc0000022)
[0829/171049.936:ERROR:exception_snapshot_win.cc(99)] thread ID 25228 not found in process
[0829/171049.930:ERROR:process_reader_win.cc(123)] NtOpenThread: {액세스 거부} 프로세스가 개체에 액세스를 요구했지만 액세스 권한이 없습니다. (0xc0000022)
[0829/171049.930:ERROR:process_reader_win.cc(123)] NtOpenThread: {액세스 거부} 프로세스가 개체에 액세스를 요구했지만 액세스 권한이 없습니다. (0xc0000022)
[0829/171049.932:ERROR:process_reader_win.cc(123)] NtOpenThread: {액세스 거부} 프로세스가 개체에 액세스를 요구했지만 액세스 권한이 없습니다. (0xc0000022)
[0829/171049.936:ERROR:exception_snapshot_win.cc(99)] thread ID 30364 not found in process
[0829/171049.930:ERROR:process_reader_win.cc(123)] NtOpenThread: {액세스 거부} 프로세스가 개체에 액세스를 요구했지만 액세스 권한이 없습니다. (0xc0000022)
[0829/171049.936:ERROR:exception_snapshot_win.cc(99)] thread ID 20124 not found in process
[0829/171049.936:ERROR:exception_snapshot_win.cc(99)] thread ID 23780 not found in process
[0829/171049.936:ERROR:exception_snapshot_win.cc(99)] thread ID 25072 not found in process
[0829/171049.936:ERROR:exception_snapshot_win.cc(99)] thread ID 29992 not found in process
[0829/171049.936:ERROR:exception_snapshot_win.cc(99)] thread ID 15760 not found in process
[0829/171049.936:ERROR:exception_snapshot_win.cc(99)] thread ID 32596 not found in process
[0829/171049.936:ERROR:exception_snapshot_win.cc(99)] thread ID 460 not found in process
[0829/171049.936:ERROR:exception_snapshot_win.cc(99)] thread ID 25384 not found in process
[0829/171049.936:ERROR:exception_snapshot_win.cc(99)] thread ID 17500 not found in process
[0829/171049.936:ERROR:exception_snapshot_win.cc(99)] thread ID 30268 not found in process
[0829/171050.132:ERROR:process_reader_win.cc(123)] NtOpenThread: {액세스 거부} 프로세스가 개체에 액세스를 요구했지만 액세스 권한이 없습니다. (0xc0000022)
[0829/171050.132:ERROR:process_reader_win.cc(123)] NtOpenThread: {액세스 거부} 프로세스가 개체에 액세스를 요구했지만 액세스 권한이 없습니다. (0xc0000022)
[0829/171050.132:ERROR:process_reader_win.cc(123)] NtOpenThread: {액세스 거부} 프로세스가 개체에 액세스를 요구했지만 액세스 권한이 없습니다. (0xc0000022)
[0829/171050.132:ERROR:exception_snapshot_win.cc(99)] thread ID 19568 not found in process
[0829/171050.132:ERROR:exception_snapshot_win.cc(99)] thread ID 14128 not found in process
[0829/171050.132:ERROR:exception_snapshot_win.cc(99)] thread ID 31220 not found in process
[0829/171050.140:ERROR:process_reader_win.cc(123)] NtOpenThread: {액세스 거부} 프로세스가 개체에 액세스를 요구했지만 액세스 권한이 없습니다. (0xc0000022)
[0829/171050.141:ERROR:exception_snapshot_win.cc(99)] thread ID 10036 not found in process
[0829/171050.146:ERROR:process_reader_win.cc(123)] NtOpenThread: {액세스 거부} 프로세스가 개체에 액세스를 요구했지만 액세스 권한이 없습니다. (0xc0000022)
[0829/171050.147:ERROR:exception_snapshot_win.cc(99)] thread ID 29096 not found in process
[0829/171050.147:ERROR:process_reader_win.cc(123)] NtOpenThread: {액세스 거부} 프로세스가 개체에 액세스를 요구했지만 액세스 권한이 없습니다. (0xc0000022)
[0829/171050.147:ERROR:exception_snapshot_win.cc(99)] thread ID 8364 not found in process
[0829/171050.150:ERROR:process_reader_win.cc(123)] NtOpenThread: {액세스 거부} 프로세스가 개체에 액세스를 요구했지만 액세스 권한이 없습니다. (0xc0000022)
[0829/171050.151:ERROR:exception_snapshot_win.cc(99)] thread ID 13860 not found in process
[0829/171050.152:ERROR:process_reader_win.cc(123)] NtOpenThread: {액세스 거부} 프로세스가 개체에 액세스를 요구했지만 액세스 권한이 없습니다. (0xc0000022)
[0829/171050.152:ERROR:process_reader_win.cc(123)] NtOpenThread: {액세스 거부} 프로세스가 개체에 액세스를 요구했지만 액세스 권한이 없습니다. (0xc0000022)
[0829/171050.152:ERROR:process_reader_win.cc(123)] NtOpenThread: {액세스 거부} 프로세스가 개체에 액세스를 요구했지만 액세스 권한이 없습니다. (0xc0000022)
[0829/171050.153:ERROR:exception_snapshot_win.cc(99)] thread ID 21072 not found in process
[0829/171050.153:ERROR:exception_snapshot_win.cc(99)] thread ID 3400 not found in process
[0829/171050.153:ERROR:exception_snapshot_win.cc(99)] thread ID 27080 not found in process
[0829/171050.154:ERROR:process_reader_win.cc(123)] NtOpenThread: {액세스 거부} 프로세스가 개체에 액세스를 요구했지만 액세스 권한이 없습니다. (0xc0000022)
[0829/171050.154:ERROR:process_reader_win.cc(123)] NtOpenThread: {액세스 거부} 프로세스가 개체에 액세스를 요구했지만 액세스 권한이 없습니다. (0xc0000022)
[0829/171050.154:ERROR:exception_snapshot_win.cc(99)] thread ID 18772 not found in process
[0829/171050.154:ERROR:exception_snapshot_win.cc(99)] thread ID 29488 not found in process
[0829/222652.956:ERROR:process_reader_win.cc(123)] NtOpenThread: {액세스 거부} 프로세스가 개체에 액세스를 요구했지만 액세스 권한이 없습니다. (0xc0000022)
[0829/222652.959:ERROR:exception_snapshot_win.cc(99)] thread ID 17384 not found in process
[0829/222653.041:ERROR:process_reader_win.cc(123)] NtOpenThread: {액세스 거부} 프로세스가 개체에 액세스를 요구했지만 액세스 권한이 없습니다. (0xc0000022)
[0829/222653.041:ERROR:exception_snapshot_win.cc(99)] thread ID 10684 not found in process
[0830/042904.372:ERROR:process_reader_win.cc(123)] NtOpenThread: {액세스 거부} 프로세스가 개체에 액세스를 요구했지만 액세스 권한이 없습니다. (0xc0000022)
[0830/042904.372:ERROR:process_reader_win.cc(123)] NtOpenThread: {액세스 거부} 프로세스가 개체에 액세스를 요구했지만 액세스 권한이 없습니다. (0xc0000022)
[0830/042904.372:ERROR:process_reader_win.cc(123)] NtOpenThread: {액세스 거부} 프로세스가 개체에 액세스를 요구했지만 액세스 권한이 없습니다. (0xc0000022)
[0830/042904.380:ERROR:exception_snapshot_win.cc(99)] thread ID 10492 not found in process
[0830/042904.380:ERROR:exception_snapshot_win.cc(99)] thread ID 14416 not found in process
[0830/042904.380:ERROR:exception_snapshot_win.cc(99)] thread ID 33776 not found in process
[0830/042904.543:ERROR:process_reader_win.cc(123)] NtOpenThread: {액세스 거부} 프로세스가 개체에 액세스를 요구했지만 액세스 권한이 없습니다. (0xc0000022)
[0830/042904.543:ERROR:process_reader_win.cc(123)] NtOpenThread: {액세스 거부} 프로세스가 개체에 액세스를 요구했지만 액세스 권한이 없습니다. (0xc0000022)
[0830/042904.543:ERROR:process_reader_win.cc(123)] NtOpenThread: {액세스 거부} 프로세스가 개체에 액세스를 요구했지만 액세스 권한이 없습니다. (0xc0000022)
[0830/042904.543:ERROR:exception_snapshot_win.cc(99)] thread ID 18120 not found in process
[0830/042904.543:ERROR:exception_snapshot_win.cc(99)] thread ID 26508 not found in process
[0830/042904.543:ERROR:exception_snapshot_win.cc(99)] thread ID 32088 not found in process
[0830/163557.800:ERROR:process_reader_win.cc(123)] NtOpenThread: {액세스 거부} 프로세스가 개체에 액세스를 요구했지만 액세스 권한이 없습니다. (0xc0000022)
[0830/163557.804:ERROR:exception_snapshot_win.cc(99)] thread ID 18800 not found in process
[0830/163557.879:ERROR:process_reader_win.cc(123)] NtOpenThread: {액세스 거부} 프로세스가 개체에 액세스를 요구했지만 액세스 권한이 없습니다. (0xc0000022)
[0830/163557.879:ERROR:exception_snapshot_win.cc(99)] thread ID 21008 not found in process
[0830/163607.764:ERROR:process_reader_win.cc(123)] NtOpenThread: {액세스 거부} 프로세스가 개체에 액세스를 요구했지만 액세스 권한이 없습니다. (0xc0000022)
[0830/163607.765:ERROR:exception_snapshot_win.cc(99)] thread ID 8988 not found in process
[0830/163607.768:ERROR:process_reader_win.cc(123)] NtOpenThread: {액세스 거부} 프로세스가 개체에 액세스를 요구했지만 액세스 권한이 없습니다. (0xc0000022)
[0830/163607.768:ERROR:process_reader_win.cc(123)] NtOpenThread: {액세스 거부} 프로세스가 개체에 액세스를 요구했지만 액세스 권한이 없습니다. (0xc0000022)
[0830/163607.769:ERROR:exception_snapshot_win.cc(99)] thread ID 18020 not found in process
[0830/163607.769:ERROR:exception_snapshot_win.cc(99)] thread ID 12448 not found in process
[0830/163607.846:ERROR:process_reader_win.cc(123)] NtOpenThread: {액세스 거부} 프로세스가 개체에 액세스를 요구했지만 액세스 권한이 없습니다. (0xc0000022)
[0830/163607.846:ERROR:exception_snapshot_win.cc(99)] thread ID 21876 not found in process
[0830/163607.847:ERROR:process_reader_win.cc(123)] NtOpenThread: {액세스 거부} 프로세스가 개체에 액세스를 요구했지만 액세스 권한이 없습니다. (0xc0000022)
[0830/163607.847:ERROR:exception_snapshot_win.cc(99)] thread ID 14540 not found in process
[0830/163607.848:ERROR:process_reader_win.cc(123)] NtOpenThread: {액세스 거부} 프로세스가 개체에 액세스를 요구했지만 액세스 권한이 없습니다. (0xc0000022)
[0830/163607.848:ERROR:exception_snapshot_win.cc(99)] thread ID 27476 not found in process
[0830/213017.722:ERROR:process_reader_win.cc(123)] NtOpenThread: {액세스 거부} 프로세스가 개체에 액세스를 요구했지만 액세스 권한이 없습니다. (0xc0000022)
[0830/213017.724:ERROR:exception_snapshot_win.cc(99)] thread ID 33308 not found in process
[0830/213017.803:ERROR:process_reader_win.cc(123)] NtOpenThread: {액세스 거부} 프로세스가 개체에 액세스를 요구했지만 액세스 권한이 없습니다. (0xc0000022)
[0830/213017.803:ERROR:exception_snapshot_win.cc(99)] thread ID 29280 not found in process
[0830/213018.579:ERROR:process_reader_win.cc(123)] NtOpenThread: {액세스 거부} 프로세스가 개체에 액세스를 요구했지만 액세스 권한이 없습니다. (0xc0000022)
[0830/213018.580:ERROR:exception_snapshot_win.cc(99)] thread ID 21152 not found in process
[0830/213018.652:ERROR:process_reader_win.cc(123)] NtOpenThread: {액세스 거부} 프로세스가 개체에 액세스를 요구했지만 액세스 권한이 없습니다. (0xc0000022)
[0830/213018.652:ERROR:exception_snapshot_win.cc(99)] thread ID 33720 not found in process
[0830/221231.831:ERROR:process_reader_win.cc(123)] NtOpenThread: {액세스 거부} 프로세스가 개체에 액세스를 요구했지만 액세스 권한이 없습니다. (0xc0000022)
[0830/221231.831:ERROR:process_reader_win.cc(123)] NtOpenThread: {액세스 거부} 프로세스가 개체에 액세스를 요구했지만 액세스 권한이 없습니다. (0xc0000022)
[0830/221231.831:ERROR:process_reader_win.cc(123)] NtOpenThread: {액세스 거부} 프로세스가 개체에 액세스를 요구했지만 액세스 권한이 없습니다. (0xc0000022)
[0830/221231.831:ERROR:process_reader_win.cc(123)] NtOpenThread: {액세스 거부} 프로세스가 개체에 액세스를 요구했지만 액세스 권한이 없습니다. (0xc0000022)
[0830/221231.839:ERROR:exception_snapshot_win.cc(99)] thread ID 24344 not found in process
[0830/221231.839:ERROR:exception_snapshot_win.cc(99)] thread ID 34108 not found in process
[0830/221231.839:ERROR:exception_snapshot_win.cc(99)] thread ID 17192 not found in process
[0830/221231.839:ERROR:exception_snapshot_win.cc(99)] thread ID 21152 not found in process
[0830/221232.049:ERROR:process_reader_win.cc(123)] NtOpenThread: {액세스 거부} 프로세스가 개체에 액세스를 요구했지만 액세스 권한이 없습니다. (0xc0000022)
[0830/221232.049:ERROR:exception_snapshot_win.cc(99)] thread ID 23592 not found in process
[0830/221232.050:ERROR:process_reader_win.cc(123)] NtOpenThread: {액세스 거부} 프로세스가 개체에 액세스를 요구했지만 액세스 권한이 없습니다. (0xc0000022)
[0830/221232.050:ERROR:exception_snapshot_win.cc(99)] thread ID 21876 not found in process
[0830/221232.052:ERROR:process_reader_win.cc(123)] NtOpenThread: {액세스 거부} 프로세스가 개체에 액세스를 요구했지만 액세스 권한이 없습니다. (0xc0000022)
[0830/221232.052:ERROR:exception_snapshot_win.cc(99)] thread ID 17972 not found in process
[0830/221232.052:ERROR:process_reader_win.cc(123)] NtOpenThread: {액세스 거부} 프로세스가 개체에 액세스를 요구했지만 액세스 권한이 없습니다. (0xc0000022)
[0830/221232.052:ERROR:exception_snapshot_win.cc(99)] thread ID 10412 not found in process
[0831/031001.654:ERROR:process_reader_win.cc(123)] NtOpenThread: {액세스 거부} 프로세스가 개체에 액세스를 요구했지만 액세스 권한이 없습니다. (0xc0000022)
[0831/031001.655:ERROR:exception_snapshot_win.cc(99)] thread ID 2312 not found in process
[0831/031001.732:ERROR:process_reader_win.cc(123)] NtOpenThread: {액세스 거부} 프로세스가 개체에 액세스를 요구했지만 액세스 권한이 없습니다. (0xc0000022)
[0831/031001.732:ERROR:exception_snapshot_win.cc(99)] thread ID 34516 not found in process
[0831/031002.420:ERROR:process_reader_win.cc(123)] NtOpenThread: {액세스 거부} 프로세스가 개체에 액세스를 요구했지만 액세스 권한이 없습니다. (0xc0000022)
[0831/031002.421:ERROR:exception_snapshot_win.cc(99)] thread ID 33300 not found in process
[0831/031002.494:ERROR:process_reader_win.cc(123)] NtOpenThread: {액세스 거부} 프로세스가 개체에 액세스를 요구했지만 액세스 권한이 없습니다. (0xc0000022)
[0831/031002.494:ERROR:exception_snapshot_win.cc(99)] thread ID 32200 not found in process
[0831/044428.454:ERROR:process_reader_win.cc(123)] NtOpenThread: {액세스 거부} 프로세스가 개체에 액세스를 요구했지만 액세스 권한이 없습니다. (0xc0000022)
[0831/044428.454:ERROR:process_reader_win.cc(123)] NtOpenThread: {액세스 거부} 프로세스가 개체에 액세스를 요구했지만 액세스 권한이 없습니다. (0xc0000022)
[0831/044428.454:ERROR:process_reader_win.cc(123)] NtOpenThread: {액세스 거부} 프로세스가 개체에 액세스를 요구했지만 액세스 권한이 없습니다. (0xc0000022)
[0831/044428.457:ERROR:exception_snapshot_win.cc(99)] thread ID 19268 not found in process
[0831/044428.457:ERROR:exception_snapshot_win.cc(99)] thread ID 24392 not found in process
[0831/044428.457:ERROR:exception_snapshot_win.cc(99)] thread ID 27644 not found in process
[0831/044428.543:ERROR:process_reader_win.cc(123)] NtOpenThread: {액세스 거부} 프로세스가 개체에 액세스를 요구했지만 액세스 권한이 없습니다. (0xc0000022)
[0831/044428.543:ERROR:process_reader_win.cc(123)] NtOpenThread: {액세스 거부} 프로세스가 개체에 액세스를 요구했지만 액세스 권한이 없습니다. (0xc0000022)
[0831/044428.543:ERROR:process_reader_win.cc(123)] NtOpenThread: {액세스 거부} 프로세스가 개체에 액세스를 요구했지만 액세스 권한이 없습니다. (0xc0000022)
[0831/044428.543:ERROR:exception_snapshot_win.cc(99)] thread ID 36772 not found in process
[0831/044428.543:ERROR:exception_snapshot_win.cc(99)] thread ID 21548 not found in process
[0831/044428.543:ERROR:exception_snapshot_win.cc(99)] thread ID 36392 not found in process
[0831/183951.611:ERROR:process_reader_win.cc(123)] NtOpenThread: {액세스 거부} 프로세스가 개체에 액세스를 요구했지만 액세스 권한이 없습니다. (0xc0000022)
[0831/183951.612:ERROR:process_reader_win.cc(123)] NtOpenThread: {액세스 거부} 프로세스가 개체에 액세스를 요구했지만 액세스 권한이 없습니다. (0xc0000022)
[0831/183951.622:ERROR:exception_snapshot_win.cc(99)] thread ID 29072 not found in process
[0831/183951.622:ERROR:exception_snapshot_win.cc(99)] thread ID 812 not found in process
[0831/183951.769:ERROR:process_reader_win.cc(123)] NtOpenThread: {액세스 거부} 프로세스가 개체에 액세스를 요구했지만 액세스 권한이 없습니다. (0xc0000022)
[0831/183951.769:ERROR:exception_snapshot_win.cc(99)] thread ID 38560 not found in process
[0831/183951.770:ERROR:process_reader_win.cc(123)] NtOpenThread: {액세스 거부} 프로세스가 개체에 액세스를 요구했지만 액세스 권한이 없습니다. (0xc0000022)
[0831/183951.770:ERROR:exception_snapshot_win.cc(99)] thread ID 28172 not found in process
[0901/011359.948:ERROR:process_reader_win.cc(123)] NtOpenThread: {액세스 거부} 프로세스가 개체에 액세스를 요구했지만 액세스 권한이 없습니다. (0xc0000022)
[0901/011359.948:ERROR:process_reader_win.cc(123)] NtOpenThread: {액세스 거부} 프로세스가 개체에 액세스를 요구했지만 액세스 권한이 없습니다. (0xc0000022)
[0901/011359.953:ERROR:exception_snapshot_win.cc(99)] thread ID 32288 not found in process
[0901/011359.953:ERROR:exception_snapshot_win.cc(99)] thread ID 28712 not found in process
[0901/011400.109:ERROR:process_reader_win.cc(123)] NtOpenThread: {액세스 거부} 프로세스가 개체에 액세스를 요구했지만 액세스 권한이 없습니다. (0xc0000022)
[0901/011400.109:ERROR:process_reader_win.cc(123)] NtOpenThread: {액세스 거부} 프로세스가 개체에 액세스를 요구했지만 액세스 권한이 없습니다. (0xc0000022)
[0901/011400.109:ERROR:exception_snapshot_win.cc(99)] thread ID 1980 not found in process
[0901/011400.109:ERROR:exception_snapshot_win.cc(99)] thread ID 35940 not found in process
[0901/044741.295:ERROR:process_reader_win.cc(123)] NtOpenThread: {액세스 거부} 프로세스가 개체에 액세스를 요구했지만 액세스 권한이 없습니다. (0xc0000022)
[0901/044741.295:ERROR:process_reader_win.cc(123)] NtOpenThread: {액세스 거부} 프로세스가 개체에 액세스를 요구했지만 액세스 권한이 없습니다. (0xc0000022)
[0901/044741.295:ERROR:process_reader_win.cc(123)] NtOpenThread: {액세스 거부} 프로세스가 개체에 액세스를 요구했지만 액세스 권한이 없습니다. (0xc0000022)
[0901/044741.300:ERROR:exception_snapshot_win.cc(99)] thread ID 20068 not found in process
[0901/044741.300:ERROR:exception_snapshot_win.cc(99)] thread ID 21560 not found in process
[0901/044741.300:ERROR:exception_snapshot_win.cc(99)] thread ID 33592 not found in process
[0901/044741.387:ERROR:process_reader_win.cc(123)] NtOpenThread: {액세스 거부} 프로세스가 개체에 액세스를 요구했지만 액세스 권한이 없습니다. (0xc0000022)
[0901/044741.387:ERROR:process_reader_win.cc(123)] NtOpenThread: {액세스 거부} 프로세스가 개체에 액세스를 요구했지만 액세스 권한이 없습니다. (0xc0000022)
[0901/044741.387:ERROR:process_reader_win.cc(123)] NtOpenThread: {액세스 거부} 프로세스가 개체에 액세스를 요구했지만 액세스 권한이 없습니다. (0xc0000022)
[0901/044741.387:ERROR:exception_snapshot_win.cc(99)] thread ID 38952 not found in process
[0901/044741.387:ERROR:exception_snapshot_win.cc(99)] thread ID 30456 not found in process
[0901/044741.387:ERROR:exception_snapshot_win.cc(99)] thread ID 38408 not found in process
[0902/000211.073:ERROR:process_reader_win.cc(123)] NtOpenThread: {액세스 거부} 프로세스가 개체에 액세스를 요구했지만 액세스 권한이 없습니다. (0xc0000022)
[0902/000211.074:ERROR:process_reader_win.cc(123)] NtOpenThread: {액세스 거부} 프로세스가 개체에 액세스를 요구했지만 액세스 권한이 없습니다. (0xc0000022)
[0902/000211.074:ERROR:process_reader_win.cc(123)] NtOpenThread: {액세스 거부} 프로세스가 개체에 액세스를 요구했지만 액세스 권한이 없습니다. (0xc0000022)
[0902/000211.074:ERROR:process_reader_win.cc(123)] NtOpenThread: {액세스 거부} 프로세스가 개체에 액세스를 요구했지만 액세스 권한이 없습니다. (0xc0000022)
[0902/000211.076:ERROR:exception_snapshot_win.cc(99)] thread ID 40416 not found in process
[0902/000211.076:ERROR:exception_snapshot_win.cc(99)] thread ID 39488 not found in process
[0902/000211.076:ERROR:exception_snapshot_win.cc(99)] thread ID 5308 not found in process
[0902/000211.076:ERROR:exception_snapshot_win.cc(99)] thread ID 40752 not found in process
[0902/000211.234:ERROR:process_reader_win.cc(123)] NtOpenThread: {액세스 거부} 프로세스가 개체에 액세스를 요구했지만 액세스 권한이 없습니다. (0xc0000022)
[0902/000211.234:ERROR:exception_snapshot_win.cc(99)] thread ID 42700 not found in process
[0902/000211.257:ERROR:process_reader_win.cc(123)] NtOpenThread: {액세스 거부} 프로세스가 개체에 액세스를 요구했지만 액세스 권한이 없습니다. (0xc0000022)
[0902/000211.258:ERROR:exception_snapshot_win.cc(99)] thread ID 32036 not found in process
[0902/000211.262:ERROR:process_reader_win.cc(123)] NtOpenThread: {액세스 거부} 프로세스가 개체에 액세스를 요구했지만 액세스 권한이 없습니다. (0xc0000022)
[0902/000211.262:ERROR:exception_snapshot_win.cc(99)] thread ID 40024 not found in process
[0902/000211.266:ERROR:process_reader_win.cc(123)] NtOpenThread: {액세스 거부} 프로세스가 개체에 액세스를 요구했지만 액세스 권한이 없습니다. (0xc0000022)
[0902/000211.266:ERROR:exception_snapshot_win.cc(99)] thread ID 36916 not found in process
[0902/011309.910:ERROR:process_reader_win.cc(123)] NtOpenThread: {액세스 거부} 프로세스가 개체에 액세스를 요구했지만 액세스 권한이 없습니다. (0xc0000022)
[0902/011309.911:ERROR:process_reader_win.cc(123)] NtOpenThread: {액세스 거부} 프로세스가 개체에 액세스를 요구했지만 액세스 권한이 없습니다. (0xc0000022)
[0902/011309.910:ERROR:process_reader_win.cc(123)] NtOpenThread: {액세스 거부} 프로세스가 개체에 액세스를 요구했지만 액세스 권한이 없습니다. (0xc0000022)
[0902/011309.916:ERROR:exception_snapshot_win.cc(99)] thread ID 32828 not found in process
[0902/011309.916:ERROR:exception_snapshot_win.cc(99)] thread ID 40208 not found in process
[0902/011309.916:ERROR:exception_snapshot_win.cc(99)] thread ID 19996 not found in process
[0902/011309.935:ERROR:process_reader_win.cc(123)] NtOpenThread: {액세스 거부} 프로세스가 개체에 액세스를 요구했지만 액세스 권한이 없습니다. (0xc0000022)
[0902/011309.935:ERROR:exception_snapshot_win.cc(99)] thread ID 27148 not found in process
[0902/011310.028:ERROR:process_reader_win.cc(123)] NtOpenThread: {액세스 거부} 프로세스가 개체에 액세스를 요구했지만 액세스 권한이 없습니다. (0xc0000022)
[0902/011310.028:ERROR:process_reader_win.cc(123)] NtOpenThread: {액세스 거부} 프로세스가 개체에 액세스를 요구했지만 액세스 권한이 없습니다. (0xc0000022)
[0902/011310.028:ERROR:process_reader_win.cc(123)] NtOpenThread: {액세스 거부} 프로세스가 개체에 액세스를 요구했지만 액세스 권한이 없습니다. (0xc0000022)
[0902/011310.028:ERROR:exception_snapshot_win.cc(99)] thread ID 36608 not found in process
[0902/011310.028:ERROR:exception_snapshot_win.cc(99)] thread ID 27008 not found in process
[0902/011310.028:ERROR:exception_snapshot_win.cc(99)] thread ID 40624 not found in process
[0902/011317.220:ERROR:process_reader_win.cc(123)] NtOpenThread: {액세스 거부} 프로세스가 개체에 액세스를 요구했지만 액세스 권한이 없습니다. (0xc0000022)
[0902/011317.220:ERROR:exception_snapshot_win.cc(99)] thread ID 24644 not found in process
[0902/013846.749:ERROR:process_reader_win.cc(123)] NtOpenThread: {액세스 거부} 프로세스가 개체에 액세스를 요구했지만 액세스 권한이 없습니다. (0xc0000022)
[0902/013846.751:ERROR:exception_snapshot_win.cc(99)] thread ID 38112 not found in process
[0902/013846.826:ERROR:process_reader_win.cc(123)] NtOpenThread: {액세스 거부} 프로세스가 개체에 액세스를 요구했지만 액세스 권한이 없습니다. (0xc0000022)
[0902/013846.826:ERROR:exception_snapshot_win.cc(99)] thread ID 40644 not found in process
[0902/083105.299:ERROR:process_reader_win.cc(123)] NtOpenThread: {액세스 거부} 프로세스가 개체에 액세스를 요구했지만 액세스 권한이 없습니다. (0xc0000022)
[0902/083105.300:ERROR:process_reader_win.cc(123)] NtOpenThread: {액세스 거부} 프로세스가 개체에 액세스를 요구했지만 액세스 권한이 없습니다. (0xc0000022)
[0902/083105.300:ERROR:process_reader_win.cc(123)] NtOpenThread: {액세스 거부} 프로세스가 개체에 액세스를 요구했지만 액세스 권한이 없습니다. (0xc0000022)
[0902/083105.300:ERROR:process_reader_win.cc(123)] NtOpenThread: {액세스 거부} 프로세스가 개체에 액세스를 요구했지만 액세스 권한이 없습니다. (0xc0000022)
[0902/083105.300:ERROR:process_reader_win.cc(123)] NtOpenThread: {액세스 거부} 프로세스가 개체에 액세스를 요구했지만 액세스 권한이 없습니다. (0xc0000022)
[0902/083105.301:ERROR:process_reader_win.cc(123)] NtOpenThread: {액세스 거부} 프로세스가 개체에 액세스를 요구했지만 액세스 권한이 없습니다. (0xc0000022)
[0902/083105.300:ERROR:process_reader_win.cc(123)] NtOpenThread: {액세스 거부} 프로세스가 개체에 액세스를 요구했지만 액세스 권한이 없습니다. (0xc0000022)
[0902/083105.300:ERROR:process_reader_win.cc(123)] NtOpenThread: {액세스 거부} 프로세스가 개체에 액세스를 요구했지만 액세스 권한이 없습니다. (0xc0000022)
[0902/083105.303:ERROR:exception_snapshot_win.cc(99)] thread ID 36988 not found in process
[0902/083105.303:ERROR:exception_snapshot_win.cc(99)] thread ID 44108 not found in process
[0902/083105.303:ERROR:exception_snapshot_win.cc(99)] thread ID 46772 not found in process
[0902/083105.303:ERROR:exception_snapshot_win.cc(99)] thread ID 45396 not found in process
[0902/083105.303:ERROR:exception_snapshot_win.cc(99)] thread ID 38128 not found in process
[0902/083105.303:ERROR:exception_snapshot_win.cc(99)] thread ID 44756 not found in process
[0902/083105.303:ERROR:exception_snapshot_win.cc(99)] thread ID 40464 not found in process
[0902/083105.303:ERROR:exception_snapshot_win.cc(99)] thread ID 42832 not found in process
[0902/083105.333:ERROR:process_reader_win.cc(123)] NtOpenThread: {액세스 거부} 프로세스가 개체에 액세스를 요구했지만 액세스 권한이 없습니다. (0xc0000022)
[0902/083105.334:ERROR:exception_snapshot_win.cc(99)] thread ID 46952 not found in process
[0902/083105.334:ERROR:process_reader_win.cc(123)] NtOpenThread: {액세스 거부} 프로세스가 개체에 액세스를 요구했지만 액세스 권한이 없습니다. (0xc0000022)
[0902/083105.334:ERROR:exception_snapshot_win.cc(99)] thread ID 39336 not found in process
[0902/083105.420:ERROR:process_reader_win.cc(123)] NtOpenThread: {액세스 거부} 프로세스가 개체에 액세스를 요구했지만 액세스 권한이 없습니다. (0xc0000022)
[0902/083105.420:ERROR:exception_snapshot_win.cc(99)] thread ID 3452 not found in process
[0902/083105.422:ERROR:process_reader_win.cc(123)] NtOpenThread: {액세스 거부} 프로세스가 개체에 액세스를 요구했지만 액세스 권한이 없습니다. (0xc0000022)
[0902/083105.422:ERROR:process_reader_win.cc(123)] NtOpenThread: {액세스 거부} 프로세스가 개체에 액세스를 요구했지만 액세스 권한이 없습니다. (0xc0000022)
[0902/083105.422:ERROR:process_reader_win.cc(123)] NtOpenThread: {액세스 거부} 프로세스가 개체에 액세스를 요구했지만 액세스 권한이 없습니다. (0xc0000022)
[0902/083105.422:ERROR:process_reader_win.cc(123)] NtOpenThread: {액세스 거부} 프로세스가 개체에 액세스를 요구했지만 액세스 권한이 없습니다. (0xc0000022)
[0902/083105.422:ERROR:exception_snapshot_win.cc(99)] thread ID 43768 not found in process
[0902/083105.422:ERROR:exception_snapshot_win.cc(99)] thread ID 42160 not found in process
[0902/083105.422:ERROR:exception_snapshot_win.cc(99)] thread ID 44236 not found in process
[0902/083105.422:ERROR:exception_snapshot_win.cc(99)] thread ID 23424 not found in process
[0902/083105.424:ERROR:process_reader_win.cc(123)] NtOpenThread: {액세스 거부} 프로세스가 개체에 액세스를 요구했지만 액세스 권한이 없습니다. (0xc0000022)
[0902/083105.425:ERROR:exception_snapshot_win.cc(99)] thread ID 44676 not found in process
[0902/083105.430:ERROR:process_reader_win.cc(123)] NtOpenThread: {액세스 거부} 프로세스가 개체에 액세스를 요구했지만 액세스 권한이 없습니다. (0xc0000022)
[0902/083105.430:ERROR:process_reader_win.cc(123)] NtOpenThread: {액세스 거부} 프로세스가 개체에 액세스를 요구했지만 액세스 권한이 없습니다. (0xc0000022)
[0902/083105.430:ERROR:exception_snapshot_win.cc(99)] thread ID 14436 not found in process
[0902/083105.430:ERROR:exception_snapshot_win.cc(99)] thread ID 45096 not found in process
[0902/083108.896:ERROR:process_reader_win.cc(123)] NtOpenThread: {액세스 거부} 프로세스가 개체에 액세스를 요구했지만 액세스 권한이 없습니다. (0xc0000022)
[0902/083108.896:ERROR:exception_snapshot_win.cc(99)] thread ID 46520 not found in process
[0902/083110.643:ERROR:process_reader_win.cc(123)] NtOpenThread: {액세스 거부} 프로세스가 개체에 액세스를 요구했지만 액세스 권한이 없습니다. (0xc0000022)
[0902/083110.643:ERROR:exception_snapshot_win.cc(99)] thread ID 30080 not found in process
[0902/143626.606:ERROR:process_reader_win.cc(123)] NtOpenThread: {액세스 거부} 프로세스가 개체에 액세스를 요구했지만 액세스 권한이 없습니다. (0xc0000022)
[0902/143626.613:ERROR:exception_snapshot_win.cc(99)] thread ID 40056 not found in process
[0902/143626.691:ERROR:process_reader_win.cc(123)] NtOpenThread: {액세스 거부} 프로세스가 개체에 액세스를 요구했지만 액세스 권한이 없습니다. (0xc0000022)
[0902/143626.691:ERROR:exception_snapshot_win.cc(99)] thread ID 44956 not found in process
[0916/032550.052:ERROR:process_reader_win.cc(123)] NtOpenThread: {액세스 거부} 프로세스가 개체에 액세스를 요구했지만 액세스 권한이 없습니다. (0xc0000022)
[0916/032550.054:ERROR:exception_snapshot_win.cc(99)] thread ID 14888 not found in process
[0916/032550.127:ERROR:process_reader_win.cc(123)] NtOpenThread: {액세스 거부} 프로세스가 개체에 액세스를 요구했지만 액세스 권한이 없습니다. (0xc0000022)
[0916/032550.127:ERROR:exception_snapshot_win.cc(99)] thread ID 22500 not found in process
[0916/032947.352:ERROR:process_reader_win.cc(123)] NtOpenThread: {액세스 거부} 프로세스가 개체에 액세스를 요구했지만 액세스 권한이 없습니다. (0xc0000022)
[0916/032947.353:ERROR:exception_snapshot_win.cc(99)] thread ID 19256 not found in process
[0916/032947.425:ERROR:process_reader_win.cc(123)] NtOpenThread: {액세스 거부} 프로세스가 개체에 액세스를 요구했지만 액세스 권한이 없습니다. (0xc0000022)
[0916/032947.425:ERROR:exception_snapshot_win.cc(99)] thread ID 22260 not found in process
[0916/035412.394:ERROR:process_reader_win.cc(123)] NtOpenThread: {액세스 거부} 프로세스가 개체에 액세스를 요구했지만 액세스 권한이 없습니다. (0xc0000022)
[0916/035412.395:ERROR:exception_snapshot_win.cc(99)] thread ID 9548 not found in process
[0916/035412.468:ERROR:process_reader_win.cc(123)] NtOpenThread: {액세스 거부} 프로세스가 개체에 액세스를 요구했지만 액세스 권한이 없습니다. (0xc0000022)
[0916/035412.468:ERROR:exception_snapshot_win.cc(99)] thread ID 23988 not found in process
[0916/040016.551:ERROR:process_reader_win.cc(123)] NtOpenThread: {액세스 거부} 프로세스가 개체에 액세스를 요구했지만 액세스 권한이 없습니다. (0xc0000022)
[0916/040016.551:ERROR:exception_snapshot_win.cc(99)] thread ID 21096 not found in process
[0916/040016.625:ERROR:process_reader_win.cc(123)] NtOpenThread: {액세스 거부} 프로세스가 개체에 액세스를 요구했지만 액세스 권한이 없습니다. (0xc0000022)
[0916/040016.625:ERROR:exception_snapshot_win.cc(99)] thread ID 21668 not found in process
